# JRE version: Java(TM) SE Runtime Environment (8.0_191-b12) (build 1.8.0_191-b12)
# Java VM: Java HotSpot(TM) 64-Bit Server VM (25.191-b12 mixed mode linux-amd64 compressed oops)
Heap:
 PSYoungGen      total 135168K, used 8170K [0x00000000d7000000, 0x00000000dfc00000, 0x0000000100000000)
  eden space 126976K, 0% used [0x00000000d7000000,0x00000000d7000000,0x00000000dec00000)
  from space 8192K, 99% used [0x00000000dec00000,0x00000000df3fabb8,0x00000000df400000)
  to   space 7680K, 0% used [0x00000000df480000,0x00000000df480000,0x00000000dfc00000)
 ParOldGen       total 43008K, used 9257K [0x0000000085000000, 0x0000000087a00000, 0x00000000d7000000)
  object space 43008K, 21% used [0x0000000085000000,0x000000008590a468,0x0000000087a00000)
 Metaspace       used 29857K, capacity 31132K, committed 31356K, reserved 1077248K
  class space    used 3856K, capacity 4115K, committed 4220K, reserved 1048576K
GC Heap History (10 events):
Event: 0,885 GC heap after
Heap after GC invocations=3 (full 0):
 PSYoungGen      total 36864K, used 5107K [0x00000000d7000000, 0x00000000db800000, 0x0000000100000000)
  eden space 31744K, 0% used [0x00000000d7000000,0x00000000d7000000,0x00000000d8f00000)
  from space 5120K, 99% used [0x00000000d8f00000,0x00000000d93fce70,0x00000000d9400000)
  to   space 5120K, 0% used [0x00000000db300000,0x00000000db300000,0x00000000db800000)
 ParOldGen       total 84992K, used 1496K [0x0000000085000000, 0x000000008a300000, 0x00000000d7000000)
  object space 84992K, 1% used [0x0000000085000000,0x0000000085176110,0x000000008a300000)
 Metaspace       used 16674K, capacity 17134K, committed 17536K, reserved 1064960K
  class space    used 2194K, capacity 2312K, committed 2432K, reserved 1048576K
}
Event: 1,059 GC heap before
{Heap before GC invocations=4 (full 0):
 PSYoungGen      total 36864K, used 36851K [0x00000000d7000000, 0x00000000db800000, 0x0000000100000000)
  eden space 31744K, 100% used [0x00000000d7000000,0x00000000d8f00000,0x00000000d8f00000)
  from space 5120K, 99% used [0x00000000d8f00000,0x00000000d93fce70,0x00000000d9400000)
  to   space 5120K, 0% used [0x00000000db300000,0x00000000db300000,0x00000000db800000)
 ParOldGen       total 84992K, used 1496K [0x0000000085000000, 0x000000008a300000, 0x00000000d7000000)
  object space 84992K, 1% used [0x0000000085000000,0x0000000085176110,0x000000008a300000)
 Metaspace       used 20644K, capacity 21204K, committed 21248K, reserved 1067008K
  class space    used 2655K, capacity 2805K, committed 2816K, reserved 1048576K
Event: 1,065 GC heap after
Heap after GC invocations=4 (full 0):
 PSYoungGen      total 68608K, used 5100K [0x00000000d7000000, 0x00000000db800000, 0x0000000100000000)
  eden space 63488K, 0% used [0x00000000d7000000,0x00000000d7000000,0x00000000dae00000)
  from space 5120K, 99% used [0x00000000db300000,0x00000000db7fb380,0x00000000db800000)
  to   space 5120K, 0% used [0x00000000dae00000,0x00000000dae00000,0x00000000db300000)
 ParOldGen       total 84992K, used 4597K [0x0000000085000000, 0x000000008a300000, 0x00000000d7000000)
  object space 84992K, 5% used [0x0000000085000000,0x000000008547d590,0x000000008a300000)
 Metaspace       used 20644K, capacity 21204K, committed 21248K, reserved 1067008K
  class space    used 2655K, capacity 2805K, committed 2816K, reserved 1048576K
}
Event: 1,067 GC heap before
{Heap before GC invocations=5 (full 0):
 PSYoungGen      total 68608K, used 6436K [0x00000000d7000000, 0x00000000db800000, 0x0000000100000000)
  eden space 63488K, 2% used [0x00000000d7000000,0x00000000d714dfc8,0x00000000dae00000)
  from space 5120K, 99% used [0x00000000db300000,0x00000000db7fb380,0x00000000db800000)
  to   space 5120K, 0% used [0x00000000dae00000,0x00000000dae00000,0x00000000db300000)
 ParOldGen       total 84992K, used 4597K [0x0000000085000000, 0x000000008a300000, 0x00000000d7000000)
  object space 84992K, 5% used [0x0000000085000000,0x000000008547d590,0x000000008a300000)
 Metaspace       used 20668K, capacity 21268K, committed 21504K, reserved 1069056K
  class space    used 2657K, capacity 2805K, committed 2816K, reserved 1048576K
Event: 1,072 GC heap after
Heap after GC invocations=5 (full 0):
 PSYoungGen      total 68608K, used 4864K [0x00000000d7000000, 0x00000000dfd00000, 0x0000000100000000)
  eden space 63488K, 0% used [0x00000000d7000000,0x00000000d7000000,0x00000000dae00000)
  from space 5120K, 95% used [0x00000000dae00000,0x00000000db2c0020,0x00000000db300000)
  to   space 8704K, 0% used [0x00000000df480000,0x00000000df480000,0x00000000dfd00000)
 ParOldGen       total 84992K, used 4605K [0x0000000085000000, 0x000000008a300000, 0x00000000d7000000)
  object space 84992K, 5% used [0x0000000085000000,0x000000008547f590,0x000000008a300000)
 Metaspace       used 20668K, capacity 21268K, committed 21504K, reserved 1069056K
  class space    used 2657K, capacity 2805K, committed 2816K, reserved 1048576K
}
Event: 1,081 GC heap before
{Heap before GC invocations=6 (full 0):
 PSYoungGen      total 68608K, used 8925K [0x00000000d7000000, 0x00000000dfd00000, 0x0000000100000000)
  eden space 63488K, 6% used [0x00000000d7000000,0x00000000d73f7660,0x00000000dae00000)
  from space 5120K, 95% used [0x00000000dae00000,0x00000000db2c0020,0x00000000db300000)
  to   space 8704K, 0% used [0x00000000df480000,0x00000000df480000,0x00000000dfd00000)
 ParOldGen       total 84992K, used 4605K [0x0000000085000000, 0x000000008a300000, 0x00000000d7000000)
  object space 84992K, 5% used [0x0000000085000000,0x000000008547f590,0x000000008a300000)
 Metaspace       used 20968K, capacity 21498K, committed 21628K, reserved 1069056K
  class space    used 2701K, capacity 2838K, committed 2940K, reserved 1048576K
Event: 1,086 GC heap after
Heap after GC invocations=6 (full 0):
 PSYoungGen      total 134656K, used 5247K [0x00000000d7000000, 0x00000000dfc00000, 0x0000000100000000)
  eden space 126976K, 0% used [0x00000000d7000000,0x00000000d7000000,0x00000000dec00000)
  from space 7680K, 68% used [0x00000000df480000,0x00000000df99fe78,0x00000000dfc00000)
  to   space 8192K, 0% used [0x00000000dec00000,0x00000000dec00000,0x00000000df400000)
 ParOldGen       total 84992K, used 4613K [0x0000000085000000, 0x000000008a300000, 0x00000000d7000000)
  object space 84992K, 5% used [0x0000000085000000,0x0000000085481590,0x000000008a300000)
 Metaspace       used 20968K, capacity 21498K, committed 21628K, reserved 1069056K
  class space    used 2701K, capacity 2838K, committed 2940K, reserved 1048576K
}
Event: 1,086 GC heap before
{Heap before GC invocations=7 (full 1):
 PSYoungGen      total 134656K, used 5247K [0x00000000d7000000, 0x00000000dfc00000, 0x0000000100000000)
  eden space 126976K, 0% used [0x00000000d7000000,0x00000000d7000000,0x00000000dec00000)
  from space 7680K, 68% used [0x00000000df480000,0x00000000df99fe78,0x00000000dfc00000)
  to   space 8192K, 0% used [0x00000000dec00000,0x00000000dec00000,0x00000000df400000)
 ParOldGen       total 84992K, used 4613K [0x0000000085000000, 0x000000008a300000, 0x00000000d7000000)
  object space 84992K, 5% used [0x0000000085000000,0x0000000085481590,0x000000008a300000)
 Metaspace       used 20968K, capacity 21498K, committed 21628K, reserved 1069056K
  class space    used 2701K, capacity 2838K, committed 2940K, reserved 1048576K
Event: 1,103 GC heap after
Heap after GC invocations=7 (full 1):
 PSYoungGen      total 134656K, used 0K [0x00000000d7000000, 0x00000000dfc00000, 0x0000000100000000)
  eden space 126976K, 0% used [0x00000000d7000000,0x00000000d7000000,0x00000000dec00000)
  from space 7680K, 0% used [0x00000000df480000,0x00000000df480000,0x00000000dfc00000)
  to   space 8192K, 0% used [0x00000000dec00000,0x00000000dec00000,0x00000000df400000)
 ParOldGen       total 43008K, used 5583K [0x0000000085000000, 0x0000000087a00000, 0x00000000d7000000)
  object space 43008K, 12% used [0x0000000085000000,0x0000000085573db8,0x0000000087a00000)
 Metaspace       used 20968K, capacity 21498K, committed 21628K, reserved 1069056K
  class space    used 2701K, capacity 2838K, committed 2940K, reserved 1048576K
}
Event: 2,198 GC heap before
{Heap before GC invocations=8 (full 1):
 PSYoungGen      total 134656K, used 126976K [0x00000000d7000000, 0x00000000dfc00000, 0x0000000100000000)
  eden space 126976K, 100% used [0x00000000d7000000,0x00000000dec00000,0x00000000dec00000)
  from space 7680K, 0% used [0x00000000df480000,0x00000000df480000,0x00000000dfc00000)
  to   space 8192K, 0% used [0x00000000dec00000,0x00000000dec00000,0x00000000df400000)
 ParOldGen       total 43008K, used 5583K [0x0000000085000000, 0x0000000087a00000, 0x00000000d7000000)
  object space 43008K, 12% used [0x0000000085000000,0x0000000085573db8,0x0000000087a00000)
 Metaspace       used 29857K, capacity 31132K, committed 31356K, reserved 1077248K
  class space    used 3856K, capacity 4115K, committed 4220K, reserved 1048576K

