# JRE version: Java(TM) SE Runtime Environment (8.0_191-b12) (build 1.8.0_191-b12)
# Java VM: Java HotSpot(TM) 64-Bit Server VM (25.191-b12 mixed mode linux-amd64 compressed oops)
Heap:
 PSYoungGen      total 134656K, used 7665K [0x00000000d7000000, 0x00000000dfb00000, 0x0000000100000000)
  eden space 126976K, 0% used [0x00000000d7000000,0x00000000d7000000,0x00000000dec00000)
  from space 7680K, 99% used [0x00000000dec00000,0x00000000df37c698,0x00000000df380000)
  to   space 7168K, 0% used [0x00000000df400000,0x00000000df400000,0x00000000dfb00000)
 ParOldGen       total 42496K, used 7073K [0x0000000085000000, 0x0000000087980000, 0x00000000d7000000)
  object space 42496K, 16% used [0x0000000085000000,0x00000000856e8410,0x0000000087980000)
 Metaspace       used 28827K, capacity 30038K, committed 30336K, reserved 1075200K
  class space    used 3627K, capacity 3878K, committed 3968K, reserved 1048576K
GC Heap History (10 events):
Event: 1,298 GC heap after
Heap after GC invocations=3 (full 0):
 PSYoungGen      total 36864K, used 4456K [0x00000000d7000000, 0x00000000db800000, 0x0000000100000000)
  eden space 31744K, 0% used [0x00000000d7000000,0x00000000d7000000,0x00000000d8f00000)
  from space 5120K, 87% used [0x00000000d8f00000,0x00000000d935a058,0x00000000d9400000)
  to   space 5120K, 0% used [0x00000000db300000,0x00000000db300000,0x00000000db800000)
 ParOldGen       total 84992K, used 24K [0x0000000085000000, 0x000000008a300000, 0x00000000d7000000)
  object space 84992K, 0% used [0x0000000085000000,0x0000000085006000,0x000000008a300000)
 Metaspace       used 14300K, capacity 14700K, committed 14976K, reserved 1062912K
  class space    used 1768K, capacity 1891K, committed 1920K, reserved 1048576K
}
Event: 1,408 GC heap before
{Heap before GC invocations=4 (full 0):
 PSYoungGen      total 36864K, used 36200K [0x00000000d7000000, 0x00000000db800000, 0x0000000100000000)
  eden space 31744K, 100% used [0x00000000d7000000,0x00000000d8f00000,0x00000000d8f00000)
  from space 5120K, 87% used [0x00000000d8f00000,0x00000000d935a058,0x00000000d9400000)
  to   space 5120K, 0% used [0x00000000db300000,0x00000000db300000,0x00000000db800000)
 ParOldGen       total 84992K, used 24K [0x0000000085000000, 0x000000008a300000, 0x00000000d7000000)
  object space 84992K, 0% used [0x0000000085000000,0x0000000085006000,0x000000008a300000)
 Metaspace       used 15983K, capacity 16412K, committed 16512K, reserved 1062912K
  class space    used 2008K, capacity 2161K, committed 2176K, reserved 1048576K
Event: 1,418 GC heap after
Heap after GC invocations=4 (full 0):
 PSYoungGen      total 68608K, used 5099K [0x00000000d7000000, 0x00000000db800000, 0x0000000100000000)
  eden space 63488K, 0% used [0x00000000d7000000,0x00000000d7000000,0x00000000dae00000)
  from space 5120K, 99% used [0x00000000db300000,0x00000000db7fad88,0x00000000db800000)
  to   space 5120K, 0% used [0x00000000dae00000,0x00000000dae00000,0x00000000db300000)
 ParOldGen       total 84992K, used 260K [0x0000000085000000, 0x000000008a300000, 0x00000000d7000000)
  object space 84992K, 0% used [0x0000000085000000,0x0000000085041098,0x000000008a300000)
 Metaspace       used 15983K, capacity 16412K, committed 16512K, reserved 1062912K
  class space    used 2008K, capacity 2161K, committed 2176K, reserved 1048576K
}
Event: 1,703 GC heap before
{Heap before GC invocations=5 (full 0):
 PSYoungGen      total 68608K, used 68587K [0x00000000d7000000, 0x00000000db800000, 0x0000000100000000)
  eden space 63488K, 100% used [0x00000000d7000000,0x00000000dae00000,0x00000000dae00000)
  from space 5120K, 99% used [0x00000000db300000,0x00000000db7fad88,0x00000000db800000)
  to   space 5120K, 0% used [0x00000000dae00000,0x00000000dae00000,0x00000000db300000)
 ParOldGen       total 84992K, used 260K [0x0000000085000000, 0x000000008a300000, 0x00000000d7000000)
  object space 84992K, 0% used [0x0000000085000000,0x0000000085041098,0x000000008a300000)
 Metaspace       used 20485K, capacity 20954K, committed 21120K, reserved 1067008K
  class space    used 2529K, capacity 2686K, committed 2688K, reserved 1048576K
Event: 1,711 GC heap after
Heap after GC invocations=5 (full 0):
 PSYoungGen      total 68608K, used 5109K [0x00000000d7000000, 0x00000000dfc00000, 0x0000000100000000)
  eden space 63488K, 0% used [0x00000000d7000000,0x00000000d7000000,0x00000000dae00000)
  from space 5120K, 99% used [0x00000000dae00000,0x00000000db2fd538,0x00000000db300000)
  to   space 8192K, 0% used [0x00000000df400000,0x00000000df400000,0x00000000dfc00000)
 ParOldGen       total 84992K, used 3092K [0x0000000085000000, 0x000000008a300000, 0x00000000d7000000)
  object space 84992K, 3% used [0x0000000085000000,0x0000000085305318,0x000000008a300000)
 Metaspace       used 20485K, capacity 20954K, committed 21120K, reserved 1067008K
  class space    used 2529K, capacity 2686K, committed 2688K, reserved 1048576K
}
Event: 1,720 GC heap before
{Heap before GC invocations=6 (full 0):
 PSYoungGen      total 68608K, used 9662K [0x00000000d7000000, 0x00000000dfc00000, 0x0000000100000000)
  eden space 63488K, 7% used [0x00000000d7000000,0x00000000d74724c8,0x00000000dae00000)
  from space 5120K, 99% used [0x00000000dae00000,0x00000000db2fd538,0x00000000db300000)
  to   space 8192K, 0% used [0x00000000df400000,0x00000000df400000,0x00000000dfc00000)
 ParOldGen       total 84992K, used 3092K [0x0000000085000000, 0x000000008a300000, 0x00000000d7000000)
  object space 84992K, 3% used [0x0000000085000000,0x0000000085305318,0x000000008a300000)
 Metaspace       used 20651K, capacity 21122K, committed 21248K, reserved 1067008K
  class space    used 2551K, capacity 2720K, committed 2816K, reserved 1048576K
Event: 1,726 GC heap after
Heap after GC invocations=6 (full 0):
 PSYoungGen      total 134144K, used 4726K [0x00000000d7000000, 0x00000000dfb00000, 0x0000000100000000)
  eden space 126976K, 0% used [0x00000000d7000000,0x00000000d7000000,0x00000000dec00000)
  from space 7168K, 65% used [0x00000000df400000,0x00000000df89d8a0,0x00000000dfb00000)
  to   space 7680K, 0% used [0x00000000dec00000,0x00000000dec00000,0x00000000df380000)
 ParOldGen       total 84992K, used 3092K [0x0000000085000000, 0x000000008a300000, 0x00000000d7000000)
  object space 84992K, 3% used [0x0000000085000000,0x0000000085305318,0x000000008a300000)
 Metaspace       used 20651K, capacity 21122K, committed 21248K, reserved 1067008K
  class space    used 2551K, capacity 2720K, committed 2816K, reserved 1048576K
}
Event: 1,726 GC heap before
{Heap before GC invocations=7 (full 1):
 PSYoungGen      total 134144K, used 4726K [0x00000000d7000000, 0x00000000dfb00000, 0x0000000100000000)
  eden space 126976K, 0% used [0x00000000d7000000,0x00000000d7000000,0x00000000dec00000)
  from space 7168K, 65% used [0x00000000df400000,0x00000000df89d8a0,0x00000000dfb00000)
  to   space 7680K, 0% used [0x00000000dec00000,0x00000000dec00000,0x00000000df380000)
 ParOldGen       total 84992K, used 3092K [0x0000000085000000, 0x000000008a300000, 0x00000000d7000000)
  object space 84992K, 3% used [0x0000000085000000,0x0000000085305318,0x000000008a300000)
 Metaspace       used 20651K, capacity 21122K, committed 21248K, reserved 1067008K
  class space    used 2551K, capacity 2720K, committed 2816K, reserved 1048576K
Event: 1,749 GC heap after
Heap after GC invocations=7 (full 1):
 PSYoungGen      total 134144K, used 0K [0x00000000d7000000, 0x00000000dfb00000, 0x0000000100000000)
  eden space 126976K, 0% used [0x00000000d7000000,0x00000000d7000000,0x00000000dec00000)
  from space 7168K, 0% used [0x00000000df400000,0x00000000df400000,0x00000000dfb00000)
  to   space 7680K, 0% used [0x00000000dec00000,0x00000000dec00000,0x00000000df380000)
 ParOldGen       total 42496K, used 5154K [0x0000000085000000, 0x0000000087980000, 0x00000000d7000000)
  object space 42496K, 12% used [0x0000000085000000,0x0000000085508b18,0x0000000087980000)
 Metaspace       used 20649K, capacity 21116K, committed 21248K, reserved 1067008K
  class space    used 2550K, capacity 2719K, committed 2816K, reserved 1048576K
}
Event: 3,143 GC heap before
{Heap before GC invocations=8 (full 1):
 PSYoungGen      total 134144K, used 126976K [0x00000000d7000000, 0x00000000dfb00000, 0x0000000100000000)
  eden space 126976K, 100% used [0x00000000d7000000,0x00000000dec00000,0x00000000dec00000)
  from space 7168K, 0% used [0x00000000df400000,0x00000000df400000,0x00000000dfb00000)
  to   space 7680K, 0% used [0x00000000dec00000,0x00000000dec00000,0x00000000df380000)
 ParOldGen       total 42496K, used 5154K [0x0000000085000000, 0x0000000087980000, 0x00000000d7000000)
  object space 42496K, 12% used [0x0000000085000000,0x0000000085508b18,0x0000000087980000)
 Metaspace       used 28827K, capacity 30038K, committed 30336K, reserved 1075200K
  class space    used 3627K, capacity 3878K, committed 3968K, reserved 1048576K

